<?xml version="1.0" encoding="UTF-8"?>
<!-- Generated by org.testng.reporters.JUnitXMLReporter -->
<testsuite ignored="6" hostname="Kotresh" failures="0" tests="4" name="Test" time="0.179" errors="0" timestamp="2023-07-11T09:42:53 IST">
  <testcase classname="com.Estron.HRM.GenericUtility.BaseClass" name="@BeforeClass launchBrowser" time="-1.689048773316E9">
    <failure type="org.testng.TestNGException" message="
Parameter &amp;apos;BROWSER&amp;apos; is required by BeforeClass on method launchBrowser but has not been marked @Optional or defined
in C:\QSpider\Java Class\java programmes\eclipse programs\Estron_HRM_SeleniumFramework\BatchExection.xml">
      <![CDATA[org.testng.TestNGException: 
Parameter 'BROWSER' is required by BeforeClass on method launchBrowser but has not been marked @Optional or defined
in C:\QSpider\Java Class\java programmes\eclipse programs\Estron_HRM_SeleniumFramework\BatchExection.xml
at java.base/java.util.ArrayList.forEach(ArrayList.java:1511)
... Removed 22 stack frames]]>
    </failure>
  </testcase> <!-- @BeforeClass launchBrowser -->
  <testcase classname="com.Estron.HRM.GenericUtility.BaseClass" name="@BeforeMethod loginToApplication" time="-1.68904877335E9">
    <skipped/>
  </testcase> <!-- @BeforeMethod loginToApplication -->
  <testcase classname="com.Estron.HRM.GenericUtility.BaseClass" name="@AfterMethod logoutFromApplication" time="-1.689048773366E9">
    <skipped/>
  </testcase> <!-- @AfterMethod logoutFromApplication -->
  <testcase classname="com.Estron.HRM.GenericUtility.BaseClass" name="@AfterClass closeBrowser" time="-1.689048773378E9">
    <skipped/>
  </testcase> <!-- @AfterClass closeBrowser -->
  <testcase classname="com.Estron.HRM.GenericUtility.BaseClass" name="@BeforeClass launchBrowser" time="-1.689048773397E9">
    <failure type="org.testng.TestNGException" message="
Parameter &amp;apos;BROWSER&amp;apos; is required by BeforeClass on method launchBrowser but has not been marked @Optional or defined
in C:\QSpider\Java Class\java programmes\eclipse programs\Estron_HRM_SeleniumFramework\BatchExection.xml">
      <![CDATA[org.testng.TestNGException: 
Parameter 'BROWSER' is required by BeforeClass on method launchBrowser but has not been marked @Optional or defined
in C:\QSpider\Java Class\java programmes\eclipse programs\Estron_HRM_SeleniumFramework\BatchExection.xml
at java.base/java.util.ArrayList.forEach(ArrayList.java:1511)
... Removed 22 stack frames]]>
    </failure>
  </testcase> <!-- @BeforeClass launchBrowser -->
  <testcase classname="com.Estron.HRM.GenericUtility.BaseClass" name="@BeforeMethod loginToApplication" time="-1.6890487734E9">
    <skipped/>
  </testcase> <!-- @BeforeMethod loginToApplication -->
  <testcase classname="com.Estron.HRM.GenericUtility.BaseClass" name="@AfterMethod logoutFromApplication" time="-1.689048773415E9">
    <skipped/>
  </testcase> <!-- @AfterMethod logoutFromApplication -->
  <testcase classname="com.Estron.HRM.GenericUtility.BaseClass" name="@AfterClass closeBrowser" time="-1.689048773418E9">
    <skipped/>
  </testcase> <!-- @AfterClass closeBrowser -->
  <testcase classname="com.Estron.HRM.GenericUtility.BaseClass" name="@BeforeClass launchBrowser" time="-1.68904877342E9">
    <failure type="org.testng.TestNGException" message="
Parameter &amp;apos;BROWSER&amp;apos; is required by BeforeClass on method launchBrowser but has not been marked @Optional or defined
in C:\QSpider\Java Class\java programmes\eclipse programs\Estron_HRM_SeleniumFramework\BatchExection.xml">
      <![CDATA[org.testng.TestNGException: 
Parameter 'BROWSER' is required by BeforeClass on method launchBrowser but has not been marked @Optional or defined
in C:\QSpider\Java Class\java programmes\eclipse programs\Estron_HRM_SeleniumFramework\BatchExection.xml
at java.base/java.util.ArrayList.forEach(ArrayList.java:1511)
... Removed 22 stack frames]]>
    </failure>
  </testcase> <!-- @BeforeClass launchBrowser -->
  <testcase classname="com.Estron.HRM.GenericUtility.BaseClass" name="@BeforeMethod loginToApplication" time="-1.689048773423E9">
    <skipped/>
  </testcase> <!-- @BeforeMethod loginToApplication -->
  <testcase classname="com.Estron.HRM.GenericUtility.BaseClass" name="@AfterMethod logoutFromApplication" time="-1.68904877343E9">
    <skipped/>
  </testcase> <!-- @AfterMethod logoutFromApplication -->
  <testcase classname="com.Estron.HRM.GenericUtility.BaseClass" name="@AfterClass closeBrowser" time="-1.689048773433E9">
    <skipped/>
  </testcase> <!-- @AfterClass closeBrowser -->
  <testcase classname="com.Estron.HRM.GenericUtility.BaseClass" name="@BeforeClass launchBrowser" time="-1.689048773435E9">
    <failure type="org.testng.TestNGException" message="
Parameter &amp;apos;BROWSER&amp;apos; is required by BeforeClass on method launchBrowser but has not been marked @Optional or defined
in C:\QSpider\Java Class\java programmes\eclipse programs\Estron_HRM_SeleniumFramework\BatchExection.xml">
      <![CDATA[org.testng.TestNGException: 
Parameter 'BROWSER' is required by BeforeClass on method launchBrowser but has not been marked @Optional or defined
in C:\QSpider\Java Class\java programmes\eclipse programs\Estron_HRM_SeleniumFramework\BatchExection.xml
at java.base/java.util.ArrayList.forEach(ArrayList.java:1511)
... Removed 22 stack frames]]>
    </failure>
  </testcase> <!-- @BeforeClass launchBrowser -->
  <testcase classname="com.Estron.HRM.GenericUtility.BaseClass" name="@BeforeMethod loginToApplication" time="-1.689048773442E9">
    <skipped/>
  </testcase> <!-- @BeforeMethod loginToApplication -->
  <testcase classname="com.Estron.HRM.GenericUtility.BaseClass" name="@AfterMethod logoutFromApplication" time="-1.689048773448E9">
    <skipped/>
  </testcase> <!-- @AfterMethod logoutFromApplication -->
  <testcase classname="com.Estron.HRM.GenericUtility.BaseClass" name="@AfterClass closeBrowser" time="-1.689048773455E9">
    <skipped/>
  </testcase> <!-- @AfterClass closeBrowser -->
  <testcase classname="hrm.HRhead.DashBoardTest" name="dashboardtest" time="0.0">
    <skipped/>
  </testcase> <!-- dashboardtest -->
  <testcase classname="hrm.HRhead.EmployeeTest" name="employeeTest" time="0.0">
    <skipped/>
  </testcase> <!-- employeeTest -->
  <testcase classname="hrm.HRhead.CorporateTest" name="corporateTest" time="0.0">
    <skipped/>
  </testcase> <!-- corporateTest -->
  <testcase classname="hrm.HRhead.BranchTest" name="branchtest" time="0.0">
    <skipped/>
  </testcase> <!-- branchtest -->
  <testcase classname="com.Estron.HRM.GenericUtility.BaseClass" name="@AfterSuite disconnectFromDatabase" time="0.0">
    <ignored/>
  </testcase> <!-- @AfterSuite disconnectFromDatabase -->
  <testcase classname="com.Estron.HRM.GenericUtility.BaseClass" name="@AfterSuite disconnectFromDatabase" time="0.0">
    <ignored/>
  </testcase> <!-- @AfterSuite disconnectFromDatabase -->
  <testcase classname="com.Estron.HRM.GenericUtility.BaseClass" name="@AfterSuite disconnectFromDatabase" time="0.0">
    <ignored/>
  </testcase> <!-- @AfterSuite disconnectFromDatabase -->
  <testcase classname="com.Estron.HRM.GenericUtility.BaseClass" name="@BeforeSuite connectionToDatabase" time="0.0">
    <ignored/>
  </testcase> <!-- @BeforeSuite connectionToDatabase -->
  <testcase classname="com.Estron.HRM.GenericUtility.BaseClass" name="@BeforeSuite connectionToDatabase" time="0.0">
    <ignored/>
  </testcase> <!-- @BeforeSuite connectionToDatabase -->
  <testcase classname="com.Estron.HRM.GenericUtility.BaseClass" name="@BeforeSuite connectionToDatabase" time="0.0">
    <ignored/>
  </testcase> <!-- @BeforeSuite connectionToDatabase -->
</testsuite> <!-- Test -->
